This is pdfTeX, Version 3.1415926-2.3-1.40.12 (MiKTeX 2.9) (preloaded format=pdflatex 2017.4.12)  24 SEP 2017 20:29
entering extended mode
**C:/Users/dyl/Desktop/itnec/IEEEtran/bare_conf.tex
(C:/Users/dyl/Desktop/itnec/IEEEtran/bare_conf.tex
LaTeX2e <2011/06/27>
Babel <v3.8m> and hyphenation patterns for loaded.
(C:\Users\dyl\Desktop\itnec\IEEEtran\IEEEtran.cls
Document Class: IEEEtran 2015/08/26 V1.8b by Michael Shell
-- See the "IEEEtran_HOWTO" manual for usage information.
-- http://www.michaelshell.org/tex/ieeetran/
\@IEEEtrantmpdimenA=\dimen102
\@IEEEtrantmpdimenB=\dimen103
\@IEEEtrantmpdimenC=\dimen104
\@IEEEtrantmpcountA=\count79
\@IEEEtrantmpcountB=\count80
\@IEEEtrantmpcountC=\count81
\@IEEEtrantmptoksA=\toks14
LaTeX Font Info:    Try loading font information for OT1+ptm on input line 503.

(D:\CTEX\MiKTeX\tex\latex\psnfss\ot1ptm.fd
File: ot1ptm.fd 2001/06/04 font definitions for OT1/ptm.
)
-- Using 8.5in x 11in (letter) paper.
-- Using PDF output.
\@IEEEnormalsizeunitybaselineskip=\dimen105
-- This is a 10 point document.
\CLASSINFOnormalsizebaselineskip=\dimen106
\CLASSINFOnormalsizeunitybaselineskip=\dimen107
\IEEEnormaljot=\dimen108
LaTeX Font Info:    Font shape `OT1/ptm/bx/n' in size <5> not available
(Font)              Font shape `OT1/ptm/b/n' tried instead on input line 1090.
LaTeX Font Info:    Font shape `OT1/ptm/bx/it' in size <5> not available
(Font)              Font shape `OT1/ptm/b/it' tried instead on input line 1090.

LaTeX Font Info:    Font shape `OT1/ptm/bx/n' in size <7> not available
(Font)              Font shape `OT1/ptm/b/n' tried instead on input line 1090.
LaTeX Font Info:    Font shape `OT1/ptm/bx/it' in size <7> not available
(Font)              Font shape `OT1/ptm/b/it' tried instead on input line 1090.

LaTeX Font Info:    Font shape `OT1/ptm/bx/n' in size <8> not available
(Font)              Font shape `OT1/ptm/b/n' tried instead on input line 1090.
LaTeX Font Info:    Font shape `OT1/ptm/bx/it' in size <8> not available
(Font)              Font shape `OT1/ptm/b/it' tried instead on input line 1090.

LaTeX Font Info:    Font shape `OT1/ptm/bx/n' in size <9> not available
(Font)              Font shape `OT1/ptm/b/n' tried instead on input line 1090.
LaTeX Font Info:    Font shape `OT1/ptm/bx/it' in size <9> not available
(Font)              Font shape `OT1/ptm/b/it' tried instead on input line 1090.

LaTeX Font Info:    Font shape `OT1/ptm/bx/n' in size <10> not available
(Font)              Font shape `OT1/ptm/b/n' tried instead on input line 1090.
LaTeX Font Info:    Font shape `OT1/ptm/bx/it' in size <10> not available
(Font)              Font shape `OT1/ptm/b/it' tried instead on input line 1090.

LaTeX Font Info:    Font shape `OT1/ptm/bx/n' in size <11> not available
(Font)              Font shape `OT1/ptm/b/n' tried instead on input line 1090.
LaTeX Font Info:    Font shape `OT1/ptm/bx/it' in size <11> not available
(Font)              Font shape `OT1/ptm/b/it' tried instead on input line 1090.

LaTeX Font Info:    Font shape `OT1/ptm/bx/n' in size <12> not available
(Font)              Font shape `OT1/ptm/b/n' tried instead on input line 1090.
LaTeX Font Info:    Font shape `OT1/ptm/bx/it' in size <12> not available
(Font)              Font shape `OT1/ptm/b/it' tried instead on input line 1090.

LaTeX Font Info:    Font shape `OT1/ptm/bx/n' in size <17> not available
(Font)              Font shape `OT1/ptm/b/n' tried instead on input line 1090.
LaTeX Font Info:    Font shape `OT1/ptm/bx/it' in size <17> not available
(Font)              Font shape `OT1/ptm/b/it' tried instead on input line 1090.

LaTeX Font Info:    Font shape `OT1/ptm/bx/n' in size <20> not available
(Font)              Font shape `OT1/ptm/b/n' tried instead on input line 1090.
LaTeX Font Info:    Font shape `OT1/ptm/bx/it' in size <20> not available
(Font)              Font shape `OT1/ptm/b/it' tried instead on input line 1090.

LaTeX Font Info:    Font shape `OT1/ptm/bx/n' in size <24> not available
(Font)              Font shape `OT1/ptm/b/n' tried instead on input line 1090.
LaTeX Font Info:    Font shape `OT1/ptm/bx/it' in size <24> not available
(Font)              Font shape `OT1/ptm/b/it' tried instead on input line 1090.

\IEEEquantizedlength=\dimen109
\IEEEquantizedlengthdiff=\dimen110
\IEEEquantizedtextheightdiff=\dimen111
\IEEEilabelindentA=\dimen112
\IEEEilabelindentB=\dimen113
\IEEEilabelindent=\dimen114
\IEEEelabelindent=\dimen115
\IEEEdlabelindent=\dimen116
\IEEElabelindent=\dimen117
\IEEEiednormlabelsep=\dimen118
\IEEEiedmathlabelsep=\dimen119
\IEEEiedtopsep=\skip41
\c@section=\count82
\c@subsection=\count83
\c@subsubsection=\count84
\c@paragraph=\count85
\c@IEEEsubequation=\count86
\abovecaptionskip=\skip42
\belowcaptionskip=\skip43
\c@figure=\count87
\c@table=\count88
\@IEEEeqnnumcols=\count89
\@IEEEeqncolcnt=\count90
\@IEEEsubeqnnumrollback=\count91
\@IEEEquantizeheightA=\dimen120
\@IEEEquantizeheightB=\dimen121
\@IEEEquantizeheightC=\dimen122
\@IEEEquantizeprevdepth=\dimen123
\@IEEEquantizemultiple=\count92
\@IEEEquantizeboxA=\box26
\@IEEEtmpitemindent=\dimen124
\IEEEPARstartletwidth=\dimen125
\c@IEEEbiography=\count93
\@IEEEtranrubishbin=\box27
) (D:\CTEX\MiKTeX\tex\latex\graphics\graphicx.sty
Package: graphicx 1999/02/16 v1.0f Enhanced LaTeX Graphics (DPC,SPQR)

(D:\CTEX\MiKTeX\tex\latex\graphics\keyval.sty
Package: keyval 1999/03/16 v1.13 key=value parser (DPC)
\KV@toks@=\toks15
)
(D:\CTEX\MiKTeX\tex\latex\graphics\graphics.sty
Package: graphics 2009/02/05 v1.0o Standard LaTeX Graphics (DPC,SPQR)

(D:\CTEX\MiKTeX\tex\latex\graphics\trig.sty
Package: trig 1999/03/16 v1.09 sin cos tan (DPC)
)
(D:\CTEX\MiKTeX\tex\latex\00miktex\graphics.cfg
File: graphics.cfg 2007/01/18 v1.5 graphics configuration of teTeX/TeXLive
)
Package graphics Info: Driver file: pdftex.def on input line 91.

(D:\CTEX\MiKTeX\tex\latex\pdftex-def\pdftex.def
File: pdftex.def 2011/05/27 v0.06d Graphics/color for pdfTeX

(D:\CTEX\MiKTeX\tex\generic\oberdiek\infwarerr.sty
Package: infwarerr 2010/04/08 v1.3 Providing info/warning/message (HO)
)
(D:\CTEX\MiKTeX\tex\generic\oberdiek\ltxcmds.sty
Package: ltxcmds 2011/04/18 v1.20 LaTeX kernel commands for general use (HO)
)
\Gread@gobject=\count94
))
\Gin@req@height=\dimen126
\Gin@req@width=\dimen127
)
(D:\CTEX\MiKTeX\tex\latex\hyperref\hyperref.sty
Package: hyperref 2012/02/06 v6.82o Hypertext links for LaTeX

(D:\CTEX\MiKTeX\tex\generic\oberdiek\hobsub-hyperref.sty
Package: hobsub-hyperref 2011/04/23 v1.4 Bundle oberdiek, subset hyperref (HO)

(D:\CTEX\MiKTeX\tex\generic\oberdiek\hobsub-generic.sty
Package: hobsub-generic 2011/04/23 v1.4 Bundle oberdiek, subset generic (HO)
Package: hobsub 2011/04/23 v1.4 Subsetting bundle oberdiek (HO)
Package hobsub Info: Skipping package `infwarerr' (already loaded).
Package hobsub Info: Skipping package `ltxcmds' (already loaded).
Package: ifluatex 2010/03/01 v1.3 Provides the ifluatex switch (HO)
Package ifluatex Info: LuaTeX not detected.
Package: ifvtex 2010/03/01 v1.5 Switches for detecting VTeX and its modes (HO)
Package ifvtex Info: VTeX not detected.
Package: intcalc 2007/09/27 v1.1 Expandable integer calculations (HO)
Package: ifpdf 2011/01/30 v2.3 Provides the ifpdf switch (HO)
Package ifpdf Info: pdfTeX in PDF mode is detected.
Package: etexcmds 2011/02/16 v1.5 Prefix for e-TeX command names (HO)
Package etexcmds Info: Could not find \expanded.
(etexcmds)             That can mean that you are not using pdfTeX 1.50 or
(etexcmds)             that some package has redefined \expanded.
(etexcmds)             In the latter case, load this package earlier.
Package: kvsetkeys 2011/04/07 v1.13 Key value parser (HO)
Package: kvdefinekeys 2011/04/07 v1.3 Defining keys (HO)
Package: pdftexcmds 2011/04/22 v0.16 Utilities of pdfTeX for LuaTeX (HO)
Package pdftexcmds Info: LuaTeX not detected.
Package pdftexcmds Info: \pdf@primitive is available.
Package pdftexcmds Info: \pdf@ifprimitive is available.
Package pdftexcmds Info: \pdfdraftmode found.
Package: pdfescape 2011/04/04 v1.12 Provides string conversions (HO)
Package: bigintcalc 2011/01/30 v1.2 Expandable big integer calculations (HO)
Package: bitset 2011/01/30 v1.1 Data type bit set (HO)
Package: uniquecounter 2011/01/30 v1.2 Provides unlimited unique counter (HO)
)
Package hobsub Info: Skipping package `hobsub' (already loaded).
Package: letltxmacro 2010/09/02 v1.4 Let assignment for LaTeX macros (HO)
Package: hopatch 2011/01/30 v1.0 Wrapper for package hooks (HO)
Package: xcolor-patch 2011/01/30 xcolor patch
Package: atveryend 2011/04/23 v1.7 Hooks at very end of document (HO)
Package: atbegshi 2011/01/30 v1.15 At begin shipout hook (HO)
Package: refcount 2010/12/01 v3.2 Data extraction from references (HO)
Package: hycolor 2011/01/30 v1.7 Color options of hyperref/bookmark (HO)
)
(D:\CTEX\MiKTeX\tex\generic\ifxetex\ifxetex.sty
Package: ifxetex 2010/09/12 v0.6 Provides ifxetex conditional
)
(D:\CTEX\MiKTeX\tex\latex\oberdiek\kvoptions.sty
Package: kvoptions 2010/12/23 v3.10 Keyval support for LaTeX options (HO)
)
\@linkdim=\dimen128
\Hy@linkcounter=\count95
\Hy@pagecounter=\count96

(D:\CTEX\MiKTeX\tex\latex\hyperref\pd1enc.def
File: pd1enc.def 2012/02/06 v6.82o Hyperref: PDFDocEncoding definition (HO)
)
\Hy@SavedSpaceFactor=\count97

(D:\CTEX\MiKTeX\tex\latex\00miktex\hyperref.cfg
File: hyperref.cfg 2002/06/06 v1.2 hyperref configuration of TeXLive
)
Package hyperref Info: Hyper figures OFF on input line 4046.
Package hyperref Info: Link nesting OFF on input line 4051.
Package hyperref Info: Hyper index ON on input line 4054.
Package hyperref Info: Plain pages OFF on input line 4061.
Package hyperref Info: Backreferencing ON on input line 4064.
Package hyperref Info: Implicit mode ON; LaTeX internals redefined.
Package hyperref Info: Bookmarks ON on input line 4284.

(D:\CTEX\MiKTeX\tex\latex\hyperref\backref.sty
Package: backref 2010/08/30 v1.36 Bibliographical back referencing

(D:\CTEX\MiKTeX\tex\latex\oberdiek\rerunfilecheck.sty
Package: rerunfilecheck 2011/04/15 v1.7 Rerun checks for auxiliary files (HO)
Package uniquecounter Info: New unique counter `rerunfilecheck' on input line 2
82.
))
\c@Hy@tempcnt=\count98

(D:\CTEX\MiKTeX\tex\latex\ltxmisc\url.sty
\Urlmuskip=\muskip10
Package: url 2006/04/12  ver 3.3  Verb mode for urls, etc.
)
LaTeX Info: Redefining \url on input line 4637.
\Fld@menulength=\count99
\Field@Width=\dimen129
\Fld@charsize=\dimen130
Package hyperref Info: Hyper figures OFF on input line 5757.
Package hyperref Info: Link nesting OFF on input line 5762.
Package hyperref Info: Hyper index ON on input line 5765.
Package hyperref Info: backreferencing ON on input line 5770.
Package hyperref Info: Link coloring OFF on input line 5777.
Package hyperref Info: Link coloring with OCG OFF on input line 5782.
Package hyperref Info: PDF/A mode OFF on input line 5787.
LaTeX Info: Redefining \ref on input line 5827.
LaTeX Info: Redefining \pageref on input line 5831.
\Hy@abspage=\count100
\c@Item=\count101
\c@Hfootnote=\count102
)

Package hyperref Message: Driver: hpdftex.

(D:\CTEX\MiKTeX\tex\latex\hyperref\hpdftex.def
File: hpdftex.def 2012/02/06 v6.82o Hyperref driver for pdfTeX
\Fld@listcount=\count103
\c@bookmark@seq@number=\count104
\Hy@SectionHShift=\skip44
)
(D:\CTEX\MiKTeX\tex\latex\algorithms\algorithm.sty
Package: algorithm 2009/08/24 v0.1 Document Style `algorithm' - floating enviro
nment

(D:\CTEX\MiKTeX\tex\latex\float\float.sty
Package: float 2001/11/08 v1.3d Float enhancements (AL)
\c@float@type=\count105
\float@exts=\toks16
\float@box=\box28
\@float@everytoks=\toks17
\@floatcapt=\box29
)
(D:\CTEX\MiKTeX\tex\latex\base\ifthen.sty
Package: ifthen 2001/05/26 v1.1c Standard LaTeX ifthen package (DPC)
)
\@float@every@algorithm=\toks18
\c@algorithm=\count106
)
(D:\CTEX\MiKTeX\tex\latex\algorithms\algorithmic.sty
Package: algorithmic 2009/08/24 v0.1 Document Style `algorithmic'
\c@ALC@unique=\count107
\c@ALC@line=\count108
\c@ALC@rem=\count109
\c@ALC@depth=\count110
\ALC@tlm=\skip45
\algorithmicindent=\skip46
)
(D:\CTEX\MiKTeX\tex\latex\ams\math\amsmath.sty
Package: amsmath 2000/07/18 v2.13 AMS math features
\@mathmargin=\skip47

For additional information on amsmath, use the `?' option.
(D:\CTEX\MiKTeX\tex\latex\ams\math\amstext.sty
Package: amstext 2000/06/29 v2.01

(D:\CTEX\MiKTeX\tex\latex\ams\math\amsgen.sty
File: amsgen.sty 1999/11/30 v2.0
\@emptytoks=\toks19
\ex@=\dimen131
))
(D:\CTEX\MiKTeX\tex\latex\ams\math\amsbsy.sty
Package: amsbsy 1999/11/29 v1.2d
\pmbraise@=\dimen132
)
(D:\CTEX\MiKTeX\tex\latex\ams\math\amsopn.sty
Package: amsopn 1999/12/14 v2.01 operator names
)
\inf@bad=\count111
LaTeX Info: Redefining \frac on input line 211.
\uproot@=\count112
\leftroot@=\count113
LaTeX Info: Redefining \overline on input line 307.
\classnum@=\count114
\DOTSCASE@=\count115
LaTeX Info: Redefining \ldots on input line 379.
LaTeX Info: Redefining \dots on input line 382.
LaTeX Info: Redefining \cdots on input line 467.
\Mathstrutbox@=\box30
\strutbox@=\box31
\big@size=\dimen133
LaTeX Font Info:    Redeclaring font encoding OML on input line 567.
LaTeX Font Info:    Redeclaring font encoding OMS on input line 568.
\macc@depth=\count116
\c@MaxMatrixCols=\count117
\dotsspace@=\muskip11
\c@parentequation=\count118
\dspbrk@lvl=\count119
\tag@help=\toks20
\row@=\count120
\column@=\count121
\maxfields@=\count122
\andhelp@=\toks21
\eqnshift@=\dimen134
\alignsep@=\dimen135
\tagshift@=\dimen136
\tagwidth@=\dimen137
\totwidth@=\dimen138
\lineht@=\dimen139
\@envbody=\toks22
\multlinegap=\skip48
\multlinetaggap=\skip49
\mathdisplay@stack=\toks23
LaTeX Info: Redefining \[ on input line 2666.
LaTeX Info: Redefining \] on input line 2667.
)
(D:\CTEX\MiKTeX\tex\latex\tools\array.sty
Package: array 2008/09/09 v2.4c Tabular extension package (FMi)
\col@sep=\dimen140
\extrarowheight=\dimen141
\NC@list=\toks24
\extratabsurround=\skip50
\backup@length=\skip51
)
(C:\Users\dyl\Desktop\itnec\IEEEtran\bare_conf.aux)
LaTeX Font Info:    Checking defaults for OML/cmm/m/it on input line 318.
LaTeX Font Info:    ... okay on input line 318.
LaTeX Font Info:    Checking defaults for T1/cmr/m/n on input line 318.
LaTeX Font Info:    ... okay on input line 318.
LaTeX Font Info:    Checking defaults for OT1/cmr/m/n on input line 318.
LaTeX Font Info:    ... okay on input line 318.
LaTeX Font Info:    Checking defaults for OMS/cmsy/m/n on input line 318.
LaTeX Font Info:    ... okay on input line 318.
LaTeX Font Info:    Checking defaults for OMX/cmex/m/n on input line 318.
LaTeX Font Info:    ... okay on input line 318.
LaTeX Font Info:    Checking defaults for U/cmr/m/n on input line 318.
LaTeX Font Info:    ... okay on input line 318.
LaTeX Font Info:    Checking defaults for PD1/pdf/m/n on input line 318.
LaTeX Font Info:    ... okay on input line 318.

-- Lines per column: 56 (exact).
(D:\CTEX\MiKTeX\tex\context\base\supp-pdf.mkii
[Loading MPS to PDF converter (version 2006.09.02).]
\scratchcounter=\count123
\scratchdimen=\dimen142
\scratchbox=\box32
\nofMPsegments=\count124
\nofMParguments=\count125
\everyMPshowfont=\toks25
\MPscratchCnt=\count126
\MPscratchDim=\dimen143
\MPnumerator=\count127
\makeMPintoPDFobject=\count128
\everyMPtoPDFconversion=\toks26
)
\AtBeginShipoutBox=\box33
Package hyperref Info: Link coloring OFF on input line 318.
 (D:\CTEX\MiKTeX\tex\latex\hyperref\nameref.sty
Package: nameref 2010/04/30 v2.40 Cross-referencing by name of section

(D:\CTEX\MiKTeX\tex\generic\oberdiek\gettitlestring.sty
Package: gettitlestring 2010/12/03 v1.4 Cleanup title references (HO)
)
\c@section@level=\count129
)
LaTeX Info: Redefining \ref on input line 318.
LaTeX Info: Redefining \pageref on input line 318.
LaTeX Info: Redefining \nameref on input line 318.

(C:\Users\dyl\Desktop\itnec\IEEEtran\bare_conf.out)
(C:\Users\dyl\Desktop\itnec\IEEEtran\bare_conf.out)
\@outlinefile=\write3

<./images/cnn.png, id=51, 740.0147pt x 245.41687pt>
File: ./images/cnn.png Graphic file (type png)
 <use ./images/cnn.png>
Package pdftex.def Info: ./images/cnn.png used on input line 519.
(pdftex.def)             Requested size: 505.89pt x 167.7725pt.

Underfull \vbox (badness 1009) has occurred while \output is active []


Underfull \hbox (badness 1466) in paragraph at lines 524--526
\OT1/ptm/m/n/10 d-if-fer-en-t prob-lem-s in-clud-ing , Si-mul-ta-ne-ous Lo-cal-
iza-tion
 []


Underfull \hbox (badness 1728) in paragraph at lines 524--526
\OT1/ptm/m/n/10 and Mapping(SLAM)[[]][],Decision Mak-ing and Au-to-mat-ic
 []

<./images/pid.png, id=61, 512.66531pt x 137.01187pt>
File: ./images/pid.png Graphic file (type png)
 <use ./images/pid.png>
Package pdftex.def Info: ./images/pid.png used on input line 539.
(pdftex.def)             Requested size: 252.94499pt x 67.60052pt.

Overfull \hbox (0.94499pt too wide) in paragraph at lines 539--540
[][]
 []

[1{D:/CTEX/UserData/pdftex/config/pdftex.map{Unicode.sfd}{UGBK.sfd}}


]
Overfull \hbox (1.01016pt too wide) in paragraph at lines 550--550
[] 
 []

<./images/learning_scheme.png, id=94, 806.26219pt x 392.21532pt>
File: ./images/learning_scheme.png Graphic file (type png)

<use ./images/learning_scheme.png>
Package pdftex.def Info: ./images/learning_scheme.png used on input line 556.
(pdftex.def)             Requested size: 252.94499pt x 123.04576pt.

Overfull \hbox (0.94499pt too wide) in paragraph at lines 556--557
[][]
 []

<./images/error_plane.png, id=96, 274.02374pt x 232.61906pt>
File: ./images/error_plane.png Graphic file (type png)

<use ./images/error_plane.png>
Package pdftex.def Info: ./images/error_plane.png used on input line 566.
(pdftex.def)             Requested size: 108.405pt x 92.02727pt.

<./images/u_plane.png, id=97, 275.52937pt x 233.37187pt>
File: ./images/u_plane.png Graphic file (type png)

<use ./images/u_plane.png>
Package pdftex.def Info: ./images/u_plane.png used on input line 567.
(pdftex.def)             Requested size: 108.405pt x 91.81943pt.

<./images/cnn_pid.png, id=98, 871.00406pt x 316.18124pt>
File: ./images/cnn_pid.png Graphic file (type png)

<use ./images/cnn_pid.png>
Package pdftex.def Info: ./images/cnn_pid.png used on input line 575.
(pdftex.def)             Requested size: 505.89pt x 183.64095pt.
 [2pdfTeX warning (ext4): destination with the same identifier (name{figure.1})
 has been already used, duplicate ignored

\AtBegShi@Output ...ipout \box \AtBeginShipoutBox 
                                                  \fi \fi 
l.597 T
       wo-Dimentional convolutional operation can be written in eqn (\ref{eq...
pdfTeX warning (ext4): destination with the same identifier (name{figure.2}) ha
s been already used, duplicate ignored

\AtBegShi@Output ...ipout \box \AtBeginShipoutBox 
                                                  \fi \fi 
l.597 T
       wo-Dimentional convolutional operation can be written in eqn (\ref{eq...
pdfTeX warning (ext4): destination with the same identifier (name{figure.3}) ha
s been already used, duplicate ignored

\AtBegShi@Output ...ipout \box \AtBeginShipoutBox 
                                                  \fi \fi 
l.597 T
       wo-Dimentional convolutional operation can be written in eqn (\ref{eq...
pdfTeX warning (ext4): destination with the same identifier (name{figure.4}) ha
s been already used, duplicate ignored

\AtBegShi@Output ...ipout \box \AtBeginShipoutBox 
                                                  \fi \fi 
l.597 T
       wo-Dimentional convolutional operation can be written in eqn (\ref{eq...
 <C:/Users/dyl/Desktop/itnec/IEEEtran/images/cnn.png> <C:/Users/dyl/Desktop/itn
ec/IEEEtran/images/pid.png> <C:/Users/dyl/Desktop/itnec/IEEEtran/images/learnin
g_scheme.png> <C:/Users/dyl/Desktop/itnec/IEEEtran/images/error_plane.png> <C:/
Users/dyl/Desktop/itnec/IEEEtran/images/u_plane.png>]
Underfull \hbox (badness 1472) in paragraph at lines 597--598
\OT1/ptm/m/n/10 in e-qn ([]3[]), where $\OML/cmm/m/it/10 K$ \OT1/ptm/m/n/10 is 
the fil-ter with size $\OML/cmm/m/it/10 k[] \OMS/cmsy/m/n/10  \OML/cmm/m/it/10
 k[]$\OT1/ptm/m/n/10 ,
 []

Package hyperref Info: bookmark level for unknown algorithm defaults to 0 on in
put line 618.

LaTeX Warning: `!h' float specifier changed to `!ht'.

<./images/train_test.png, id=118, 666.23906pt x 456.95718pt>
File: ./images/train_test.png Graphic file (type png)

<use ./images/train_test.png>
Package pdftex.def Info: ./images/train_test.png used on input line 632.
(pdftex.def)             Requested size: 252.94499pt x 173.48515pt.

Overfull \hbox (0.94499pt too wide) in paragraph at lines 632--633
 [][] 
 []

<./images/performance.png, id=119, 609.77812pt x 508.14844pt>
File: ./images/performance.png Graphic file (type png)

<use ./images/performance.png>
Package pdftex.def Info: ./images/performance.png used on input line 638.
(pdftex.def)             Requested size: 252.94499pt x 210.78462pt.

Overfull \hbox (0.94499pt too wide) in paragraph at lines 638--639
 [][] 
 []

<./images/control.png, id=122, 622.57594pt x 128.73094pt>
File: ./images/control.png Graphic file (type png)

<use ./images/control.png>
Package pdftex.def Info: ./images/control.png used on input line 650.
(pdftex.def)             Requested size: 260.17244pt x 53.79555pt.

Overfull \hbox (8.17244pt too wide) in paragraph at lines 650--651
 [][] 
 []

<./images/step.png, id=123, 517.935pt x 310.15875pt>
File: ./images/step.png Graphic file (type png)
 <use ./images/step.png>
Package pdftex.def Info: ./images/step.png used on input line 656.
(pdftex.def)             Requested size: 260.17244pt x 155.80782pt.

Overfull \hbox (8.17244pt too wide) in paragraph at lines 656--657
 [][] 
 []

[3pdfTeX warning (ext4): destination with the same identifier (name{figure.5}) 
has been already used, duplicate ignored

\AtBegShi@Output ...ipout \box \AtBeginShipoutBox 
                                                  \fi \fi 
l.661 \section
              {Conclusion}pdfTeX warning (ext4): destination with the same iden
tifier (name{figure.6}) has been already used, duplicate ignored

\AtBegShi@Output ...ipout \box \AtBeginShipoutBox 
                                                  \fi \fi 
l.661 \section
              {Conclusion}pdfTeX warning (ext4): destination with the same iden
tifier (name{figure.7}) has been already used, duplicate ignored

\AtBegShi@Output ...ipout \box \AtBeginShipoutBox 
                                                  \fi \fi 
l.661 \section
              {Conclusion} <C:/Users/dyl/Desktop/itnec/IEEEtran/images/cnn_pid.
png> <C:/Users/dyl/Desktop/itnec/IEEEtran/images/train_test.png> <C:/Users/dyl/
Desktop/itnec/IEEEtran/images/performance.png>]
(C:\Users\dyl\Desktop\itnec\IEEEtran\bare_conf.bbl
(C:\Users\dyl\Desktop\itnec\IEEEtran\bare_conf.brf)
\tf@brf=\write4
Missing character: There is no Ã in font ptmr7t!
Missing character: There is no § in font ptmr7t!
)

** Conference Paper **
Before submitting the final camera ready copy, remember to:

 1. Manually equalize the lengths of two columns on the last page
 of your paper;

 2. Ensure that any PostScript and/or PDF output post-processing
 uses only Type 1 fonts and that every step in the generation
 process uses the appropriate paper size.

Package atveryend Info: Empty hook `BeforeClearDocument' on input line 718.
[4pdfTeX warning (ext4): destination with the same identifier (name{figure.8}) 
has been already used, duplicate ignored

\AtBegShi@Output ...ipout \box \AtBeginShipoutBox 
                                                  \fi \fi 
l.718 \end{document}
                    pdfTeX warning (ext4): destination with the same identifier
 (name{figure.9}) has been already used, duplicate ignored

\AtBegShi@Output ...ipout \box \AtBeginShipoutBox 
                                                  \fi \fi 
l.718 \end{document}
                     <C:/Users/dyl/Desktop/itnec/IEEEtran/images/control.png> <
C:/Users/dyl/Desktop/itnec/IEEEtran/images/step.png>]
Package atveryend Info: Empty hook `AfterLastShipout' on input line 718.

(C:\Users\dyl\Desktop\itnec\IEEEtran\bare_conf.aux)
Package atveryend Info: Executing hook `AtVeryEndDocument' on input line 718.
Package atveryend Info: Executing hook `AtEndAfterFileList' on input line 718.
Package rerunfilecheck Info: File `bare_conf.out' has not changed.
(rerunfilecheck)             Checksum: 23DE53F9F2FFD916CD727D166B975F79;577.
Package rerunfilecheck Info: File `bare_conf.brf' has not changed.
(rerunfilecheck)             Checksum: C7C7B46095224B968FAE1FE3C7728FCA;787.
 ) 
Here is how much of TeX's memory you used:
 6782 strings out of 495354
 101237 string characters out of 3183859
 198963 words of memory out of 3000000
 9834 multiletter control sequences out of 15000+200000
 37977 words of font info for 74 fonts, out of 3000000 for 9000
 17 hyphenation exceptions out of 8191
 32i,15n,28p,974b,450s stack positions out of 5000i,500n,10000p,200000b,50000s
{D:/CTEX/MiKTeX/fonts/enc/dvips/fontname/8r.enc}<D:/CTEX/MiKTeX/fonts/type1/p
ublic/amsfonts/cm/cmex10.pfb><D:/CTEX/MiKTeX/fonts/type1/public/amsfonts/cm/cmm
i10.pfb><D:/CTEX/MiKTeX/fonts/type1/public/amsfonts/cm/cmmi5.pfb><D:/CTEX/MiKTe
X/fonts/type1/public/amsfonts/cm/cmmi7.pfb><D:/CTEX/MiKTeX/fonts/type1/public/a
msfonts/cm/cmr10.pfb><D:/CTEX/MiKTeX/fonts/type1/public/amsfonts/cm/cmr7.pfb><D
:/CTEX/MiKTeX/fonts/type1/public/amsfonts/cm/cmsy10.pfb><D:/CTEX/MiKTeX/fonts/t
ype1/public/amsfonts/cm/cmsy7.pfb><D:/CTEX/MiKTeX/fonts/type1/urw/times/utmb8a.
pfb><D:/CTEX/MiKTeX/fonts/type1/urw/times/utmbi8a.pfb><D:/CTEX/MiKTeX/fonts/typ
e1/urw/times/utmr8a.pfb><D:/CTEX/MiKTeX/fonts/type1/urw/times/utmri8a.pfb>
Output written on bare_conf.pdf (4 pages, 474659 bytes).
PDF statistics:
 217 PDF objects out of 1000 (max. 8388607)
 47 named destinations out of 1000 (max. 500000)
 131 words of extra memory for PDF output out of 10000 (max. 10000000)

